2024-10-17 01:08:09,138 - INFO - PGN already processed: utf8_games/twic1456.pgn
2024-10-17 01:08:09,138 - INFO - Starting analysis for file: utf8_games/twic1457.pgn
2024-10-17 01:08:09,138 - INFO - Starting analysis for file: utf8_games/twic1457.pgn
2024-10-17 01:08:24,670 - INFO - Starting analysis for file: utf8_games/twic1457.pgn
2024-10-17 01:08:24,670 - INFO - Starting analysis for file: utf8_games/twic1457.pgn
2024-10-17 01:08:45,701 - INFO - Using 20 worker(s) for analysis.
2024-10-17 01:08:45,701 - INFO - Analysing 5900 games.
2024-10-17 08:50:56,677 - INFO - Starting analysis for file: utf8_games/twic1458.pgn
2024-10-17 08:50:56,678 - INFO - Starting analysis for file: utf8_games/twic1458.pgn
2024-10-17 08:51:25,661 - INFO - Using 20 worker(s) for analysis.
2024-10-17 08:51:25,661 - INFO - Analysing 7504 games.
2024-10-18 00:23:43,494 - INFO - Starting analysis for file: utf8_games/twic1457.pgn
2024-10-18 00:23:43,494 - INFO - Starting analysis for file: utf8_games/twic1457.pgn
2024-10-18 00:24:06,095 - INFO - Using 10 worker(s) for analysis.
2024-10-18 00:24:06,095 - INFO - Analysing 5900 games.
2024-10-18 02:18:49,594 - INFO - Analysis complete for file: utf8_games/twic1457.pgn. Results saved to Analyzed_Games\twic1457_15_analyzed.csv.
2024-10-18 02:18:49,657 - INFO - Completed analysis for file: utf8_games/twic1457.pgn. Results saved to Analyzed_Games\twic1457_15_analyzed.csv.
2024-10-18 02:18:49,658 - INFO - Starting analysis for file: utf8_games/twic1458.pgn
2024-10-18 02:18:49,658 - INFO - Starting analysis for file: utf8_games/twic1458.pgn
2024-10-18 02:19:15,781 - INFO - Using 10 worker(s) for analysis.
2024-10-18 02:19:15,781 - INFO - Analysing 7504 games.
2024-10-18 04:45:53,052 - INFO - Analysis complete for file: utf8_games/twic1458.pgn. Results saved to Analyzed_Games\twic1458_15_analyzed.csv.
2024-10-18 04:45:53,127 - INFO - Completed analysis for file: utf8_games/twic1458.pgn. Results saved to Analyzed_Games\twic1458_15_analyzed.csv.
2024-10-18 04:45:53,127 - INFO - Starting analysis for file: utf8_games/twic1459.pgn
2024-10-18 04:45:53,127 - INFO - Starting analysis for file: utf8_games/twic1459.pgn
2024-10-18 04:46:17,151 - INFO - Using 10 worker(s) for analysis.
2024-10-18 04:46:17,151 - INFO - Analysing 6667 games.
2024-10-18 06:57:33,921 - INFO - Analysis complete for file: utf8_games/twic1459.pgn. Results saved to Analyzed_Games\twic1459_15_analyzed.csv.
2024-10-18 06:57:33,992 - INFO - Completed analysis for file: utf8_games/twic1459.pgn. Results saved to Analyzed_Games\twic1459_15_analyzed.csv.
2024-10-18 06:57:33,992 - INFO - Starting analysis for file: utf8_games/twic1460.pgn
2024-10-18 06:57:33,992 - INFO - Starting analysis for file: utf8_games/twic1460.pgn
2024-10-18 06:57:54,620 - INFO - Using 10 worker(s) for analysis.
2024-10-18 06:57:54,620 - INFO - Analysing 5903 games.
2024-10-18 08:53:03,865 - INFO - Analysis complete for file: utf8_games/twic1460.pgn. Results saved to Analyzed_Games\twic1460_15_analyzed.csv.
2024-10-18 08:53:03,922 - INFO - Completed analysis for file: utf8_games/twic1460.pgn. Results saved to Analyzed_Games\twic1460_15_analyzed.csv.
2024-10-18 08:53:03,922 - INFO - Starting analysis for file: utf8_games/twic1461.pgn
2024-10-18 08:53:03,922 - INFO - Starting analysis for file: utf8_games/twic1461.pgn
2024-10-18 08:53:25,665 - INFO - Using 10 worker(s) for analysis.
2024-10-18 08:53:25,665 - INFO - Analysing 6075 games.
2024-10-18 11:42:50,881 - INFO - Starting analysis for file: utf8_games/twic1461.pgn
2024-10-18 11:42:50,881 - INFO - Starting analysis for file: utf8_games/twic1461.pgn
2024-10-18 11:43:12,808 - INFO - Using 10 worker(s) for analysis.
2024-10-18 11:43:12,808 - INFO - Analysing 6075 games.
2024-10-18 13:42:37,329 - INFO - Analysis complete for file: utf8_games/twic1461.pgn. Results saved to Analyzed_Games\twic1461_15_analyzed.csv.
2024-10-18 13:42:37,389 - INFO - Completed analysis for file: utf8_games/twic1461.pgn. Results saved to Analyzed_Games\twic1461_15_analyzed.csv.
2024-10-18 13:42:37,389 - INFO - Starting analysis for file: utf8_games/twic1462.pgn
2024-10-18 13:42:37,390 - INFO - Starting analysis for file: utf8_games/twic1462.pgn
2024-10-18 13:43:08,350 - INFO - Using 10 worker(s) for analysis.
2024-10-18 13:43:08,350 - INFO - Analysing 8542 games.
2024-10-19 01:37:11,414 - INFO - Starting analysis for file: utf8_games/twic1462.pgn
2024-10-19 01:37:11,414 - INFO - Starting analysis for file: utf8_games/twic1462.pgn
2024-10-19 01:37:44,342 - INFO - Using 10 worker(s) for analysis.
2024-10-19 01:37:44,342 - INFO - Analysing 8542 games.
2024-10-19 04:28:37,157 - INFO - Analysis complete for file: utf8_games/twic1462.pgn. Results saved to Analyzed_Games\twic1462_15_analyzed.csv.
2024-10-19 04:28:37,245 - INFO - Completed analysis for file: utf8_games/twic1462.pgn. Results saved to Analyzed_Games\twic1462_15_analyzed.csv.
2024-10-19 04:28:37,245 - INFO - Starting analysis for file: utf8_games/twic1463.pgn
2024-10-19 04:28:37,245 - INFO - Starting analysis for file: utf8_games/twic1463.pgn
2024-10-19 04:28:57,074 - INFO - Using 10 worker(s) for analysis.
2024-10-19 04:28:57,074 - INFO - Analysing 5701 games.
2024-10-19 06:19:02,964 - INFO - Analysis complete for file: utf8_games/twic1463.pgn. Results saved to Analyzed_Games\twic1463_15_analyzed.csv.
2024-10-19 06:19:03,021 - INFO - Completed analysis for file: utf8_games/twic1463.pgn. Results saved to Analyzed_Games\twic1463_15_analyzed.csv.
2024-10-19 06:19:03,022 - INFO - Starting analysis for file: utf8_games/twic1464.pgn
2024-10-19 06:19:03,022 - INFO - Starting analysis for file: utf8_games/twic1464.pgn
2024-10-19 06:19:21,891 - INFO - Using 10 worker(s) for analysis.
2024-10-19 06:19:21,891 - INFO - Analysing 5286 games.
2024-10-19 08:03:08,646 - INFO - Analysis complete for file: utf8_games/twic1464.pgn. Results saved to Analyzed_Games\twic1464_15_analyzed.csv.
2024-10-19 08:03:08,707 - INFO - Completed analysis for file: utf8_games/twic1464.pgn. Results saved to Analyzed_Games\twic1464_15_analyzed.csv.
2024-10-19 08:03:08,708 - INFO - Starting analysis for file: utf8_games/twic1465.pgn
2024-10-19 08:03:08,708 - INFO - Starting analysis for file: utf8_games/twic1465.pgn
2024-10-19 08:03:34,865 - INFO - Using 10 worker(s) for analysis.
2024-10-19 08:03:34,865 - INFO - Analysing 7716 games.
2024-10-19 10:31:52,364 - INFO - Analysis complete for file: utf8_games/twic1465.pgn. Results saved to Analyzed_Games\twic1465_15_analyzed.csv.
2024-10-19 10:31:52,442 - INFO - Completed analysis for file: utf8_games/twic1465.pgn. Results saved to Analyzed_Games\twic1465_15_analyzed.csv.
2024-10-19 10:31:52,442 - INFO - Starting analysis for file: utf8_games/twic1466.pgn
2024-10-19 10:31:52,443 - INFO - Starting analysis for file: utf8_games/twic1466.pgn
2024-10-19 10:32:11,925 - INFO - Using 10 worker(s) for analysis.
2024-10-19 10:32:11,925 - INFO - Analysing 5546 games.
2024-10-19 17:05:53,678 - INFO - Starting analysis for file: utf8_games/example20.pgn
2024-10-19 17:05:53,678 - INFO - Starting analysis for file: utf8_games/example20.pgn
2024-10-19 17:05:53,752 - INFO - Using 10 worker(s) for analysis.
2024-10-19 17:05:53,752 - INFO - Analysing 20 games.
2024-10-19 17:06:16,414 - INFO - Analysis complete for file: utf8_games/example20.pgn. Results saved to Analyzed_Games\example20_15_analyzed.csv.
2024-10-19 17:06:16,416 - INFO - Completed analysis for file: utf8_games/example20.pgn. Results saved to Analyzed_Games\example20_15_analyzed.csv.
2024-10-19 20:46:41,228 - WARNING - PGN file does not exist: example20.pgn
2024-10-19 20:46:53,373 - INFO - Starting analysis for file: test2.pgn
2024-10-19 20:46:53,373 - INFO - Starting analysis for file: test2.pgn
2024-10-19 20:46:53,377 - INFO - Using 2 worker(s) for analysis.
2024-10-19 20:46:53,377 - INFO - Analysing 2 games.
2024-10-19 20:46:56,937 - INFO - Analysis complete for file: test2.pgn. Results saved to Analyzed_Games\test2_15_analyzed.csv.
2024-10-19 20:46:56,938 - INFO - Completed analysis for file: test2.pgn. Results saved to Analyzed_Games\test2_15_analyzed.csv.
2024-10-19 20:53:16,937 - INFO - PGN already processed: test2.pgn
2024-10-19 20:53:25,463 - INFO - PGN already processed: test2.pgn
2024-10-19 20:53:35,411 - INFO - Starting analysis for file: test2.pgn
2024-10-19 20:53:35,412 - INFO - Starting analysis for file: test2.pgn
2024-10-19 20:53:35,416 - INFO - Using 2 worker(s) for analysis.
2024-10-19 20:53:35,416 - INFO - Analysing 2 games.
2024-10-19 20:53:38,788 - INFO - Analysis complete for file: test2.pgn. Results saved to Analyzed_Games\test2_15_analyzed.csv.
2024-10-19 20:53:38,788 - INFO - Completed analysis for file: test2.pgn. Results saved to Analyzed_Games\test2_15_analyzed.csv.
2024-10-19 22:29:35,809 - INFO - Starting analysis for file: test2.pgn
2024-10-19 22:29:35,809 - INFO - Starting analysis for file: test2.pgn
2024-10-19 22:29:35,814 - INFO - Using 2 worker(s) for analysis.
2024-10-19 22:29:35,814 - INFO - Analysing 2 games.
2024-10-19 22:29:39,082 - INFO - Analysis complete for file: test2.pgn. Results saved to Analyzed_Games\test2_15_analyzed.csv.
2024-10-19 22:29:39,082 - INFO - Completed analysis for file: test2.pgn. Results saved to Analyzed_Games\test2_15_analyzed.csv.
2024-10-19 23:54:13,911 - INFO - Starting analysis for file: utf8_games/twic1466.pgn
2024-10-19 23:54:13,911 - INFO - Starting analysis for file: utf8_games/twic1466.pgn
2024-10-19 23:54:33,377 - INFO - Using 10 worker(s) for analysis.
2024-10-19 23:54:33,377 - INFO - Analysing 5546 games.
2024-10-20 02:39:28,325 - INFO - Analysis complete for file: utf8_games/twic1466.pgn. Results saved to Analyzed_Games\twic1466_16_analyzed.csv.
2024-10-20 02:39:28,383 - INFO - Completed analysis for file: utf8_games/twic1466.pgn. Results saved to Analyzed_Games\twic1466_16_analyzed.csv.
2024-10-20 02:39:28,384 - INFO - Starting analysis for file: utf8_games/twic1467.pgn
2024-10-20 02:39:28,384 - INFO - Starting analysis for file: utf8_games/twic1467.pgn
2024-10-20 02:39:59,696 - INFO - Using 10 worker(s) for analysis.
2024-10-20 02:39:59,696 - INFO - Analysing 8909 games.
2024-10-20 07:05:07,640 - INFO - Analysis complete for file: utf8_games/twic1467.pgn. Results saved to Analyzed_Games\twic1467_16_analyzed.csv.
2024-10-20 07:05:07,731 - INFO - Completed analysis for file: utf8_games/twic1467.pgn. Results saved to Analyzed_Games\twic1467_16_analyzed.csv.
2024-10-20 07:05:07,732 - INFO - Starting analysis for file: utf8_games/twic1468.pgn
2024-10-20 07:05:07,732 - INFO - Starting analysis for file: utf8_games/twic1468.pgn
2024-10-20 07:05:32,953 - INFO - Using 10 worker(s) for analysis.
2024-10-20 07:05:32,953 - INFO - Analysing 7201 games.
2024-10-20 10:37:49,930 - INFO - Analysis complete for file: utf8_games/twic1468.pgn. Results saved to Analyzed_Games\twic1468_16_analyzed.csv.
2024-10-20 10:37:50,002 - INFO - Completed analysis for file: utf8_games/twic1468.pgn. Results saved to Analyzed_Games\twic1468_16_analyzed.csv.
2024-10-20 10:37:50,003 - INFO - Starting analysis for file: utf8_games/twic1469.pgn
2024-10-20 10:37:50,003 - INFO - Starting analysis for file: utf8_games/twic1469.pgn
2024-10-20 10:38:28,583 - INFO - Using 10 worker(s) for analysis.
2024-10-20 10:38:28,583 - INFO - Analysing 10627 games.
2024-10-20 23:22:39,765 - INFO - Starting analysis for file: utf8_games/twic1357.pgn
2024-10-20 23:22:39,765 - INFO - Starting analysis for file: utf8_games/twic1357.pgn
2024-10-20 23:22:59,610 - INFO - Using 10 worker(s) for analysis.
2024-10-20 23:22:59,610 - INFO - Analysing 3680 games.
2024-10-20 23:23:37,005 - INFO - Starting analysis for file: utf8_games/twic1357.pgn
2024-10-20 23:23:37,005 - INFO - Starting analysis for file: utf8_games/twic1357.pgn
2024-10-20 23:23:57,367 - INFO - Using 12 worker(s) for analysis.
2024-10-20 23:23:57,367 - INFO - Analysing 3680 games.
2024-10-21 01:46:10,463 - INFO - Analysis complete for file: utf8_games/twic1357.pgn. Results saved to Analyzed_Games\twic1357_16_analyzed.csv.
2024-10-21 01:46:10,522 - INFO - Completed analysis for file: utf8_games/twic1357.pgn. Results saved to Analyzed_Games\twic1357_16_analyzed.csv.
2024-10-21 01:46:10,522 - INFO - Starting analysis for file: utf8_games/twic1358.pgn
2024-10-21 01:46:10,522 - INFO - Starting analysis for file: utf8_games/twic1358.pgn
2024-10-21 01:46:32,154 - INFO - Using 12 worker(s) for analysis.
2024-10-21 01:46:32,154 - INFO - Analysing 4039 games.
2024-10-21 04:15:27,180 - INFO - Analysis complete for file: utf8_games/twic1358.pgn. Results saved to Analyzed_Games\twic1358_16_analyzed.csv.
2024-10-21 04:15:27,253 - INFO - Completed analysis for file: utf8_games/twic1358.pgn. Results saved to Analyzed_Games\twic1358_16_analyzed.csv.
2024-10-21 04:15:27,253 - INFO - Starting analysis for file: utf8_games/twic1359.pgn
2024-10-21 04:15:27,253 - INFO - Starting analysis for file: utf8_games/twic1359.pgn
2024-10-21 04:15:55,881 - INFO - Using 12 worker(s) for analysis.
2024-10-21 04:15:55,881 - INFO - Analysing 5195 games.
2024-10-21 07:33:00,297 - INFO - Analysis complete for file: utf8_games/twic1359.pgn. Results saved to Analyzed_Games\twic1359_16_analyzed.csv.
2024-10-21 07:33:00,394 - INFO - Completed analysis for file: utf8_games/twic1359.pgn. Results saved to Analyzed_Games\twic1359_16_analyzed.csv.
2024-10-21 07:33:00,394 - INFO - Starting analysis for file: utf8_games/twic1360.pgn
2024-10-21 07:33:00,395 - INFO - Starting analysis for file: utf8_games/twic1360.pgn
2024-10-21 07:33:27,532 - INFO - Using 12 worker(s) for analysis.
2024-10-21 07:33:27,533 - INFO - Analysing 5067 games.
2024-10-21 10:41:20,168 - INFO - Analysis complete for file: utf8_games/twic1360.pgn. Results saved to Analyzed_Games\twic1360_16_analyzed.csv.
2024-10-21 10:41:20,256 - INFO - Completed analysis for file: utf8_games/twic1360.pgn. Results saved to Analyzed_Games\twic1360_16_analyzed.csv.
2024-10-21 10:41:20,258 - INFO - Starting analysis for file: utf8_games/twic1361.pgn
2024-10-21 10:41:20,258 - INFO - Starting analysis for file: utf8_games/twic1361.pgn
2024-10-21 10:41:48,499 - INFO - Using 12 worker(s) for analysis.
2024-10-21 10:41:48,499 - INFO - Analysing 5193 games.
2024-10-21 14:03:04,786 - INFO - Analysis complete for file: utf8_games/twic1361.pgn. Results saved to Analyzed_Games\twic1361_16_analyzed.csv.
2024-10-21 14:03:04,875 - INFO - Completed analysis for file: utf8_games/twic1361.pgn. Results saved to Analyzed_Games\twic1361_16_analyzed.csv.
2024-10-21 14:03:04,876 - INFO - Starting analysis for file: utf8_games/twic1362.pgn
2024-10-21 14:03:04,876 - INFO - Starting analysis for file: utf8_games/twic1362.pgn
2024-10-21 14:03:17,317 - INFO - Using 12 worker(s) for analysis.
2024-10-21 14:03:17,317 - INFO - Analysing 2109 games.
2024-10-21 15:25:24,107 - INFO - Analysis complete for file: utf8_games/twic1362.pgn. Results saved to Analyzed_Games\twic1362_16_analyzed.csv.
2024-10-21 15:25:24,140 - INFO - Completed analysis for file: utf8_games/twic1362.pgn. Results saved to Analyzed_Games\twic1362_16_analyzed.csv.
2024-10-21 15:25:24,141 - INFO - Starting analysis for file: utf8_games/twic1363.pgn
2024-10-21 15:25:24,141 - INFO - Starting analysis for file: utf8_games/twic1363.pgn
2024-10-21 15:26:17,392 - INFO - Using 12 worker(s) for analysis.
2024-10-21 15:26:17,393 - INFO - Analysing 9772 games.
2024-10-21 21:38:23,192 - INFO - Analysis complete for file: utf8_games/twic1363.pgn. Results saved to Analyzed_Games\twic1363_16_analyzed.csv.
2024-10-21 21:38:23,377 - INFO - Completed analysis for file: utf8_games/twic1363.pgn. Results saved to Analyzed_Games\twic1363_16_analyzed.csv.
2024-10-21 21:38:23,379 - INFO - Starting analysis for file: utf8_games/twic1364.pgn
2024-10-21 21:38:23,379 - INFO - Starting analysis for file: utf8_games/twic1364.pgn
2024-10-21 21:38:48,636 - INFO - Using 12 worker(s) for analysis.
2024-10-21 21:38:48,636 - INFO - Analysing 4400 games.
2024-10-22 00:43:54,232 - INFO - Analysis complete for file: utf8_games/twic1364.pgn. Results saved to Analyzed_Games\twic1364_16_analyzed.csv.
2024-10-22 00:43:54,308 - INFO - Completed analysis for file: utf8_games/twic1364.pgn. Results saved to Analyzed_Games\twic1364_16_analyzed.csv.
2024-10-22 00:43:54,309 - INFO - Starting analysis for file: utf8_games/twic1365.pgn
2024-10-22 00:43:54,310 - INFO - Starting analysis for file: utf8_games/twic1365.pgn
2024-10-22 00:44:28,064 - INFO - Using 12 worker(s) for analysis.
2024-10-22 00:44:28,064 - INFO - Analysing 6020 games.
2024-10-22 04:36:57,797 - INFO - Analysis complete for file: utf8_games/twic1365.pgn. Results saved to Analyzed_Games\twic1365_16_analyzed.csv.
2024-10-22 04:36:57,901 - INFO - Completed analysis for file: utf8_games/twic1365.pgn. Results saved to Analyzed_Games\twic1365_16_analyzed.csv.
2024-10-22 04:36:57,903 - INFO - Starting analysis for file: utf8_games/twic1366.pgn
2024-10-22 04:36:57,903 - INFO - Starting analysis for file: utf8_games/twic1366.pgn
2024-10-22 04:37:29,139 - INFO - Using 12 worker(s) for analysis.
2024-10-22 04:37:29,139 - INFO - Analysing 6006 games.
2024-10-22 08:01:27,749 - INFO - Analysis complete for file: utf8_games/twic1366.pgn. Results saved to Analyzed_Games\twic1366_16_analyzed.csv.
2024-10-22 08:01:27,841 - INFO - Completed analysis for file: utf8_games/twic1366.pgn. Results saved to Analyzed_Games\twic1366_16_analyzed.csv.
2024-10-22 08:01:27,841 - INFO - Starting analysis for file: utf8_games/twic1367.pgn
2024-10-22 08:01:27,841 - INFO - Starting analysis for file: utf8_games/twic1367.pgn
2024-10-22 08:01:50,988 - INFO - Using 12 worker(s) for analysis.
2024-10-22 08:01:50,988 - INFO - Analysing 4218 games.
2024-10-22 10:47:52,512 - INFO - Analysis complete for file: utf8_games/twic1367.pgn. Results saved to Analyzed_Games\twic1367_16_analyzed.csv.
2024-10-22 10:47:52,582 - INFO - Completed analysis for file: utf8_games/twic1367.pgn. Results saved to Analyzed_Games\twic1367_16_analyzed.csv.
2024-10-22 10:47:52,583 - INFO - Starting analysis for file: utf8_games/twic1368.pgn
2024-10-22 10:47:52,583 - INFO - Starting analysis for file: utf8_games/twic1368.pgn
2024-10-22 10:48:16,287 - INFO - Using 12 worker(s) for analysis.
2024-10-22 10:48:16,287 - INFO - Analysing 4408 games.
2024-10-22 13:35:20,134 - INFO - Analysis complete for file: utf8_games/twic1368.pgn. Results saved to Analyzed_Games\twic1368_16_analyzed.csv.
2024-10-22 13:35:20,212 - INFO - Completed analysis for file: utf8_games/twic1368.pgn. Results saved to Analyzed_Games\twic1368_16_analyzed.csv.
2024-10-22 13:35:20,212 - INFO - Starting analysis for file: utf8_games/twic1369.pgn
2024-10-22 13:35:20,212 - INFO - Starting analysis for file: utf8_games/twic1369.pgn
2024-10-22 13:35:39,986 - INFO - Using 12 worker(s) for analysis.
2024-10-22 13:35:39,986 - INFO - Analysing 3361 games.
2024-10-22 15:49:14,346 - INFO - Analysis complete for file: utf8_games/twic1369.pgn. Results saved to Analyzed_Games\twic1369_16_analyzed.csv.
2024-10-22 15:49:14,402 - INFO - Completed analysis for file: utf8_games/twic1369.pgn. Results saved to Analyzed_Games\twic1369_16_analyzed.csv.
2024-10-22 15:49:14,402 - INFO - Starting analysis for file: utf8_games/twic1370.pgn
2024-10-22 15:49:14,403 - INFO - Starting analysis for file: utf8_games/twic1370.pgn
2024-10-22 15:49:44,574 - INFO - Using 12 worker(s) for analysis.
2024-10-22 15:49:44,574 - INFO - Analysing 5511 games.
2024-10-22 19:20:50,856 - INFO - Analysis complete for file: utf8_games/twic1370.pgn. Results saved to Analyzed_Games\twic1370_16_analyzed.csv.
2024-10-22 19:20:50,963 - INFO - Completed analysis for file: utf8_games/twic1370.pgn. Results saved to Analyzed_Games\twic1370_16_analyzed.csv.
2024-10-22 19:20:50,965 - INFO - Starting analysis for file: utf8_games/twic1371.pgn
2024-10-22 19:20:50,965 - INFO - Starting analysis for file: utf8_games/twic1371.pgn
2024-10-22 19:21:30,795 - INFO - Using 12 worker(s) for analysis.
2024-10-22 19:21:30,795 - INFO - Analysing 7377 games.
